# JRE version: Java(TM) SE Runtime Environment (8.0_91-b14) (build 1.8.0_91-b14)
# Java VM: Java HotSpot(TM) Client VM (25.91-b14 mixed mode, sharing windows-x86 )
Heap:
 def new generation   total 4928K, used 774K [0x0f200000, 0x0f750000, 0x14750000)
  eden space 4416K,   5% used [0x0f200000, 0x0f241b60, 0x0f650000)
  from space 512K, 100% used [0x0f650000, 0x0f6d0000, 0x0f6d0000)
  to   space 512K,   0% used [0x0f6d0000, 0x0f6d0000, 0x0f750000)
 tenured generation   total 10944K, used 10481K [0x14750000, 0x15200000, 0x1f200000)
   the space 10944K,  95% used [0x14750000, 0x1518c458, 0x1518c600, 0x15200000)
 Metaspace       used 820K, capacity 2858K, committed 2880K, reserved 4480K
GC Heap History (8 events):
Event: 0.120 GC heap before
{Heap before GC invocations=0 (full 0):
 def new generation   total 4928K, used 3489K [0x0f200000, 0x0f750000, 0x14750000)
  eden space 4416K,  79% used [0x0f200000, 0x0f568710, 0x0f650000)
  from space 512K,   0% used [0x0f650000, 0x0f650000, 0x0f6d0000)
  to   space 512K,   0% used [0x0f6d0000, 0x0f6d0000, 0x0f750000)
 tenured generation   total 10944K, used 0K [0x14750000, 0x15200000, 0x1f200000)
   the space 10944K,   0% used [0x14750000, 0x14750000, 0x14750200, 0x15200000)
 Metaspace       used 440K, capacity 2504K, committed 2624K, reserved 4480K
Event: 0.121 GC heap after
Heap after GC invocations=1 (full 0):
 def new generation   total 4928K, used 512K [0x0f200000, 0x0f750000, 0x14750000)
  eden space 4416K,   0% used [0x0f200000, 0x0f200000, 0x0f650000)
  from space 512K, 100% used [0x0f6d0000, 0x0f750000, 0x0f750000)
  to   space 512K,   0% used [0x0f650000, 0x0f650000, 0x0f6d0000)
 tenured generation   total 10944K, used 313K [0x14750000, 0x15200000, 0x1f200000)
   the space 10944K,   2% used [0x14750000, 0x1479e7c8, 0x1479e800, 0x15200000)
 Metaspace       used 440K, capacity 2504K, committed 2624K, reserved 4480K
}
Event: 0.175 GC heap before
{Heap before GC invocations=1 (full 0):
 def new generation   total 4928K, used 4797K [0x0f200000, 0x0f750000, 0x14750000)
  eden space 4416K,  97% used [0x0f200000, 0x0f62f718, 0x0f650000)
  from space 512K, 100% used [0x0f6d0000, 0x0f750000, 0x0f750000)
  to   space 512K,   0% used [0x0f650000, 0x0f650000, 0x0f6d0000)
 tenured generation   total 10944K, used 313K [0x14750000, 0x15200000, 0x1f200000)
   the space 10944K,   2% used [0x14750000, 0x1479e7c8, 0x1479e800, 0x15200000)
 Metaspace       used 696K, capacity 2760K, committed 2880K, reserved 4480K
Event: 0.176 GC heap after
Heap after GC invocations=2 (full 0):
 def new generation   total 4928K, used 345K [0x0f200000, 0x0f750000, 0x14750000)
  eden space 4416K,   0% used [0x0f200000, 0x0f200000, 0x0f650000)
  from space 512K,  67% used [0x0f650000, 0x0f6a6590, 0x0f6d0000)
  to   space 512K,   0% used [0x0f6d0000, 0x0f6d0000, 0x0f750000)
 tenured generation   total 10944K, used 819K [0x14750000, 0x15200000, 0x1f200000)
   the space 10944K,   7% used [0x14750000, 0x1481ce88, 0x1481d000, 0x15200000)
 Metaspace       used 696K, capacity 2760K, committed 2880K, reserved 4480K
}
Event: 0.305 GC heap before
{Heap before GC invocations=2 (full 0):
 def new generation   total 4928K, used 2919K [0x0f200000, 0x0f750000, 0x14750000)
  eden space 4416K,  58% used [0x0f200000, 0x0f483a38, 0x0f650000)
  from space 512K,  67% used [0x0f650000, 0x0f6a6590, 0x0f6d0000)
  to   space 512K,   0% used [0x0f6d0000, 0x0f6d0000, 0x0f750000)
 tenured generation   total 10944K, used 9767K [0x14750000, 0x15200000, 0x1f200000)
   the space 10944K,  89% used [0x14750000, 0x150d9f78, 0x150da000, 0x15200000)
 Metaspace       used 750K, capacity 2792K, committed 2880K, reserved 4480K
Event: 0.306 GC heap after
Heap after GC invocations=3 (full 0):
 def new generation   total 4928K, used 100K [0x0f200000, 0x0f750000, 0x14750000)
  eden space 4416K,   0% used [0x0f200000, 0x0f200000, 0x0f650000)
  from space 512K,  19% used [0x0f6d0000, 0x0f6e9258, 0x0f750000)
  to   space 512K,   0% used [0x0f650000, 0x0f650000, 0x0f6d0000)
 tenured generation   total 10944K, used 9845K [0x14750000, 0x15200000, 0x1f200000)
   the space 10944K,  89% used [0x14750000, 0x150ed508, 0x150ed600, 0x15200000)
 Metaspace       used 750K, capacity 2792K, committed 2880K, reserved 4480K
}
Event: 82.008 GC heap before
{Heap before GC invocations=3 (full 0):
 def new generation   total 4928K, used 4516K [0x0f200000, 0x0f750000, 0x14750000)
  eden space 4416K, 100% used [0x0f200000, 0x0f650000, 0x0f650000)
  from space 512K,  19% used [0x0f6d0000, 0x0f6e9258, 0x0f750000)
  to   space 512K,   0% used [0x0f650000, 0x0f650000, 0x0f6d0000)
 tenured generation   total 10944K, used 9845K [0x14750000, 0x15200000, 0x1f200000)
   the space 10944K,  89% used [0x14750000, 0x150ed508, 0x150ed600, 0x15200000)
 Metaspace       used 820K, capacity 2858K, committed 2880K, reserved 4480K
Event: 82.010 GC heap after
Heap after GC invocations=4 (full 0):
 def new generation   total 4928K, used 512K [0x0f200000, 0x0f750000, 0x14750000)
  eden space 4416K,   0% used [0x0f200000, 0x0f200000, 0x0f650000)
  from space 512K, 100% used [0x0f650000, 0x0f6d0000, 0x0f6d0000)
  to   space 512K,   0% used [0x0f6d0000, 0x0f6d0000, 0x0f750000)
 tenured generation   total 10944K, used 10481K [0x14750000, 0x15200000, 0x1f200000)
   the space 10944K,  95% used [0x14750000, 0x1518c458, 0x1518c600, 0x15200000)
 Metaspace       used 820K, capacity 2858K, committed 2880K, reserved 4480K
}

