# JRE version: Java(TM) SE Runtime Environment (8.0_91-b14) (build 1.8.0_91-b14)
# Java VM: Java HotSpot(TM) Client VM (25.91-b14 mixed mode, sharing windows-x86 )
Heap:
 def new generation   total 4928K, used 2626K [0x0f200000, 0x0f750000, 0x14750000)
  eden space 4416K,  57% used [0x0f200000, 0x0f477638, 0x0f650000)
  from space 512K,  19% used [0x0f6d0000, 0x0f6e9258, 0x0f750000)
  to   space 512K,   0% used [0x0f650000, 0x0f650000, 0x0f6d0000)
 tenured generation   total 10944K, used 9845K [0x14750000, 0x15200000, 0x1f200000)
   the space 10944K,  89% used [0x14750000, 0x150ed7d0, 0x150ed800, 0x15200000)
 Metaspace       used 787K, capacity 2824K, committed 2880K, reserved 4480K
GC Heap History (6 events):
Event: 0.271 GC heap before
{Heap before GC invocations=0 (full 0):
 def new generation   total 4928K, used 3488K [0x0f200000, 0x0f750000, 0x14750000)
  eden space 4416K,  78% used [0x0f200000, 0x0f568140, 0x0f650000)
  from space 512K,   0% used [0x0f650000, 0x0f650000, 0x0f6d0000)
  to   space 512K,   0% used [0x0f6d0000, 0x0f6d0000, 0x0f750000)
 tenured generation   total 10944K, used 0K [0x14750000, 0x15200000, 0x1f200000)
   the space 10944K,   0% used [0x14750000, 0x14750000, 0x14750200, 0x15200000)
 Metaspace       used 440K, capacity 2504K, committed 2624K, reserved 4480K
Event: 0.274 GC heap after
Heap after GC invocations=1 (full 0):
 def new generation   total 4928K, used 512K [0x0f200000, 0x0f750000, 0x14750000)
  eden space 4416K,   0% used [0x0f200000, 0x0f200000, 0x0f650000)
  from space 512K, 100% used [0x0f6d0000, 0x0f750000, 0x0f750000)
  to   space 512K,   0% used [0x0f650000, 0x0f650000, 0x0f6d0000)
 tenured generation   total 10944K, used 314K [0x14750000, 0x15200000, 0x1f200000)
   the space 10944K,   2% used [0x14750000, 0x1479ea80, 0x1479ec00, 0x15200000)
 Metaspace       used 440K, capacity 2504K, committed 2624K, reserved 4480K
}
Event: 0.379 GC heap before
{Heap before GC invocations=1 (full 0):
 def new generation   total 4928K, used 4772K [0x0f200000, 0x0f750000, 0x14750000)
  eden space 4416K,  96% used [0x0f200000, 0x0f629330, 0x0f650000)
  from space 512K, 100% used [0x0f6d0000, 0x0f750000, 0x0f750000)
  to   space 512K,   0% used [0x0f650000, 0x0f650000, 0x0f6d0000)
 tenured generation   total 10944K, used 314K [0x14750000, 0x15200000, 0x1f200000)
   the space 10944K,   2% used [0x14750000, 0x1479ea80, 0x1479ec00, 0x15200000)
 Metaspace       used 696K, capacity 2760K, committed 2880K, reserved 4480K
Event: 0.382 GC heap after
Heap after GC invocations=2 (full 0):
 def new generation   total 4928K, used 345K [0x0f200000, 0x0f750000, 0x14750000)
  eden space 4416K,   0% used [0x0f200000, 0x0f200000, 0x0f650000)
  from space 512K,  67% used [0x0f650000, 0x0f6a65a0, 0x0f6d0000)
  to   space 512K,   0% used [0x0f6d0000, 0x0f6d0000, 0x0f750000)
 tenured generation   total 10944K, used 820K [0x14750000, 0x15200000, 0x1f200000)
   the space 10944K,   7% used [0x14750000, 0x1481d140, 0x1481d200, 0x15200000)
 Metaspace       used 696K, capacity 2760K, committed 2880K, reserved 4480K
}
Event: 0.611 GC heap before
{Heap before GC invocations=2 (full 0):
 def new generation   total 4928K, used 2914K [0x0f200000, 0x0f750000, 0x14750000)
  eden space 4416K,  58% used [0x0f200000, 0x0f482638, 0x0f650000)
  from space 512K,  67% used [0x0f650000, 0x0f6a65a0, 0x0f6d0000)
  to   space 512K,   0% used [0x0f6d0000, 0x0f6d0000, 0x0f750000)
 tenured generation   total 10944K, used 9768K [0x14750000, 0x15200000, 0x1f200000)
   the space 10944K,  89% used [0x14750000, 0x150da230, 0x150da400, 0x15200000)
 Metaspace       used 750K, capacity 2792K, committed 2880K, reserved 4480K
Event: 0.612 GC heap after
Heap after GC invocations=3 (full 0):
 def new generation   total 4928K, used 100K [0x0f200000, 0x0f750000, 0x14750000)
  eden space 4416K,   0% used [0x0f200000, 0x0f200000, 0x0f650000)
  from space 512K,  19% used [0x0f6d0000, 0x0f6e9258, 0x0f750000)
  to   space 512K,   0% used [0x0f650000, 0x0f650000, 0x0f6d0000)
 tenured generation   total 10944K, used 9845K [0x14750000, 0x15200000, 0x1f200000)
   the space 10944K,  89% used [0x14750000, 0x150ed7d0, 0x150ed800, 0x15200000)
 Metaspace       used 750K, capacity 2792K, committed 2880K, reserved 4480K
}

